<?xml version="1.0" encoding="UTF-8"?>
<testng-results ignored="0" total="3" passed="3" failed="0" skipped="0">
  <reporter-output>
  </reporter-output>
  <suite started-at="2020-01-14T15:44:20 EET" name="AllTests" finished-at="2020-01-14T15:44:55 EET" duration-ms="34457">
    <groups>
    </groups>
    <test started-at="2020-01-14T15:44:20 EET" name="PositiveTests" finished-at="2020-01-14T15:44:32 EET" duration-ms="11743">
      <class name="com.herokuapp.theinternet.PositiveTests">
        <test-method signature="positiveLoginTest()[pri:0, instance:com.herokuapp.theinternet.PositiveTests@29ba4338]" started-at="2020-01-14T15:44:20 EET" name="positiveLoginTest" finished-at="2020-01-14T15:44:32 EET" duration-ms="11716" status="PASS">
          <reporter-output>
          </reporter-output>
        </test-method> <!-- positiveLoginTest -->
      </class> <!-- com.herokuapp.theinternet.PositiveTests -->
    </test> <!-- PositiveTests -->
    <test started-at="2020-01-14T15:44:32 EET" name="NegativeTests" finished-at="2020-01-14T15:44:55 EET" duration-ms="22558">
      <class name="com.herokuapp.theinternet.NegativeTests">
        <test-method signature="incorrectUsernameTest()[pri:1, instance:com.herokuapp.theinternet.NegativeTests@4c6e276e]" started-at="2020-01-14T15:44:32 EET" name="incorrectUsernameTest" finished-at="2020-01-14T15:44:43 EET" duration-ms="11101" status="PASS">
          <reporter-output>
          </reporter-output>
        </test-method> <!-- incorrectUsernameTest -->
        <test-method signature="incorrectPasswordTest()[pri:2, instance:com.herokuapp.theinternet.NegativeTests@4c6e276e]" started-at="2020-01-14T15:44:43 EET" name="incorrectPasswordTest" finished-at="2020-01-14T15:44:55 EET" duration-ms="11455" status="PASS">
          <reporter-output>
          </reporter-output>
        </test-method> <!-- incorrectPasswordTest -->
      </class> <!-- com.herokuapp.theinternet.NegativeTests -->
    </test> <!-- NegativeTests -->
  </suite> <!-- AllTests -->
</testng-results>
