<?xml version="1.0" encoding="UTF-8"?>
<testsuite xmlns:xsi="http://www.w3.org/2001/XMLSchema-instance" xsi:noNamespaceSchemaLocation="https://maven.apache.org/surefire/maven-surefire-plugin/xsd/surefire-test-report-3.0.xsd" version="3.0" name="TestSuite" time="35.271" tests="3" errors="0" skipped="0" failures="0">
  <properties>
[...]
</properties>
  <testcase name="positiveLoginTest" classname="com.herokuapp.theinternet.PositiveTests" time="11.716"/>
  <testcase name="incorrectUsernameTest" classname="com.herokuapp.theinternet.NegativeTests" time="11.102"/>
  <testcase name="incorrectPasswordTest" classname="com.herokuapp.theinternet.NegativeTests" time="11.456"/>
</testsuite>