<?xml version="1.0" encoding="UTF-8"?>
<!-- Generated by org.testng.reporters.JUnitXMLReporter -->
<testsuite ignored="0" hostname="LWO1-LHP-F72358" failures="0" tests="2" name="NegativeTests" time="22.558" errors="0" timestamp="2020-01-14T15:44:55 EET">
  <testcase classname="com.herokuapp.theinternet.NegativeTests" name="incorrectUsernameTest" time="11.101"/>
  <testcase classname="com.herokuapp.theinternet.NegativeTests" name="incorrectPasswordTest" time="11.455"/>
</testsuite> <!-- NegativeTests -->
